[2025-10-04 23:37:33] [INFO] Début monitoring SysMonitor Pro
[2025-10-04 23:37:33] [INFO] Nettoyage en cours...
[2025-10-04 23:37:50] [INFO] Début monitoring SysMonitor Pro
[2025-10-04 23:37:50] [INFO] Nettoyage en cours...
[2025-10-04 23:39:37] [INFO] Début monitoring SysMonitor Pro
[2025-10-04 23:39:37] [INFO] Nettoyage en cours...
[2025-10-05 11:21:52] [INFO] Début monitoring SysMonitor Pro
[2025-10-05 11:21:52] [INFO] Nettoyage en cours...
[2025-10-05 11:44:56] [INFO] Début monitoring SysMonitor Pro
[2025-10-05 11:44:56] [CRITICAL] Dossier requis manquant : ./../reports
[2025-10-05 11:44:56] [INFO] Nettoyage en cours...
[2025-10-05 11:48:18] [INFO] Début monitoring SysMonitor Pro
[2025-10-05 11:48:18] [CRITICAL] Dossier requis manquant : ../reports
[2025-10-05 11:48:18] [INFO] Nettoyage en cours...
[2025-10-05 11:50:38] [INFO] Début monitoring SysMonitor Pro
[2025-10-05 11:50:38] [CRITICAL] Dossier requis manquant : ./../reports
[2025-10-05 11:50:38] [INFO] Nettoyage en cours...
[2025-10-05 11:58:40] [INFO] Début monitoring SysMonitor Pro
[2025-10-05 11:58:40] [CRITICAL] Dossier requis manquant : ./../reports
[2025-10-05 11:58:40] [INFO] Nettoyage en cours...
[2025-10-05 12:00:36] [INFO] Nettoyage en cours...
[2025-10-05 12:02:04] [INFO] Dossier créé automatiquement : ./../reports
[2025-10-05 12:02:04] [INFO] Début monitoring SysMonitor Pro
[2025-10-05 12:02:04] [INFO] === Surveillance Système ===
[2025-10-05 12:02:04] [INFO] Nettoyage en cours...
[2025-10-05 14:56:38] [INFO] Dossier créé automatiquement : ./reports
[2025-10-05 14:56:38] [INFO] Début monitoring SysMonitor Pro
[2025-10-05 14:56:38] [INFO] === Surveillance Système ===
[2025-10-05 14:56:38] [INFO] CPU usage normal: 6.2%
[2025-10-05 14:56:38] [INFO] Utilisation RAM normale: 34%
[2025-10-05 14:56:38] [INFO] Espace disque ok (/dev/sda1 /): 8%
[2025-10-05 14:56:38] [INFO] Load average normal: 1min=0.00
[2025-10-05 14:56:38] [INFO] Nombre total de processus: 101
[2025-10-05 14:56:38] [INFO] Nettoyage en cours...
[2025-10-05 15:47:53] [INFO] Début monitoring SysMonitor Pro
[2025-10-05 15:47:53] [INFO] Nettoyage en cours...
[2025-10-05 17:19:32] [INFO] Début monitoring SysMonitor Pro
[2025-10-05 17:19:32] [CRITICAL] Dossier requis manquant : ./../reports
[2025-10-05 17:19:32] [INFO] Nettoyage en cours...
[2025-10-05 22:17:46] [INFO] Début monitoring SysMonitor Pro
[2025-10-05 22:17:46] [CRITICAL] Dossier requis manquant : ./../reports
[2025-10-05 22:17:46] [INFO] Nettoyage en cours...
[2025-10-05 22:20:40] [INFO] Début monitoring SysMonitor Pro
[2025-10-05 22:20:40] [INFO] Nettoyage en cours...
[2025-10-05 22:22:14] [INFO] Début monitoring SysMonitor Pro
[2025-10-05 22:22:14] [INFO] Rapport généré: reports/system_report_20251005_222214.html
[2025-10-05 22:22:14] [SUCCESS] Monitoring terminé avec succès
[2025-10-05 22:22:14] [INFO] Nettoyage en cours...
[2025-10-05 22:32:24] [INFO] Début monitoring SysMonitor Pro
[2025-10-05 22:32:24] [INFO] Nettoyage en cours...
[2025-10-05 22:33:43] [INFO] Début monitoring SysMonitor Pro
[2025-10-05 22:33:43] [INFO] === Surveillance Système ===
[2025-10-05 22:33:44] [INFO] Nettoyage en cours...
[2025-10-05 22:48:37] [INFO] Début monitoring SysMonitor Pro
[2025-10-05 22:48:37] [INFO] === Surveillance Système ===
[2025-10-05 22:48:37] [INFO] CPU usage normal: 6.7%
[2025-10-05 22:48:37] [INFO] Utilisation RAM normale: 34%
[2025-10-05 22:48:37] [INFO] Espace disque ok (/dev/sda1 /): 8%
[2025-10-05 22:48:37] [INFO] Load average normal: 1min=0.00
[2025-10-05 22:48:37] [INFO] Nombre total de processus: 101
[2025-10-05 22:48:37] [INFO] Rapport généré: reports/system_report_20251005_224837.html
[2025-10-05 22:48:37] [SUCCESS] Monitoring terminé avec succès
[2025-10-05 22:48:37] [INFO] Nettoyage en cours...
[2025-10-05 23:00:28] [INFO] Début monitoring SysMonitor Pro
[2025-10-05 23:00:28] [INFO] === Surveillance Système ===
[2025-10-05 23:00:29] [INFO] CPU usage normal: 6.2%
[2025-10-05 23:00:29] [INFO] Utilisation RAM normale: 34%
[2025-10-05 23:00:29] [INFO] Espace disque ok (/dev/sda1 /): 8%
[2025-10-05 23:00:29] [INFO] Load average normal: 1min=0.00
[2025-10-05 23:00:29] [INFO] Nombre total de processus: 101
[2025-10-05 23:00:29] [INFO] Rapport généré: reports/system_report_20251005_230029.html
[2025-10-05 23:00:29] [SUCCESS] Monitoring terminé avec succès
[2025-10-05 23:00:29] [INFO] Nettoyage en cours...
[2025-10-05 23:07:23] [INFO] Début monitoring SysMonitor Pro
[2025-10-05 23:07:23] [INFO] === Monitoring Système ===
[2025-10-05 23:07:24] [INFO] Nettoyage en cours...
[2025-10-12 18:52:54] [INFO] Début monitoring SysMonitor Pro
[2025-10-12 18:52:54] [INFO] === Monitoring Système ===
[2025-10-12 18:52:54] [INFO] Nettoyage en cours...
[2025-10-12 18:58:25] [INFO] Début monitoring SysMonitor Pro
[2025-10-12 18:58:25] [INFO] === Monitoring Système ===
[2025-10-12 18:58:26] [INFO] Nettoyage en cours...
[2025-10-12 19:03:39] [INFO] Début monitoring SysMonitor Pro
[2025-10-12 19:03:39] [INFO] === Monitoring Système ===
[2025-10-12 19:03:40] [INFO] Nettoyage en cours...
[2025-10-12 19:08:04] [INFO] Début monitoring SysMonitor Pro
[2025-10-12 19:08:04] [INFO] === Monitoring Système ===
[2025-10-12 19:08:05] [WARNING] CPU usage élevé: 96% (seuil: 80%)
[2025-10-12 19:08:05] [INFO] Utilisation RAM normale: 14%
[2025-10-12 19:08:05] [INFO] Espace disque ok (/dev/sda1 /): 16%
[2025-10-12 19:08:05] [INFO] Load average normal: 1min=0.00
[2025-10-12 19:08:05] [INFO] Nombre total de processus: 105
[2025-10-12 19:08:05] [INFO] === Gestion des processus ===
[2025-10-12 19:08:05] [INFO] Liste des 10 processus les plus consommateurs (CPU)
    PID USER     %CPU %MEM STAT COMMAND
    686 root      0.1  1.1 Ssl  containerd
   1794 root      0.1  1.1 Ssl  containerd
      1 root      0.0  0.3 Ss   systemd
      2 root      0.0  0.0 S    kthreadd
      3 root      0.0  0.0 I<   rcu_gp
      4 root      0.0  0.0 I<   rcu_par_gp
      5 root      0.0  0.0 I<   slub_flushwq
      6 root      0.0  0.0 I<   netns
      8 root      0.0  0.0 I<   kworker/0:0H-events_highpri
     10 root      0.0  0.0 I<   mm_percpu_wq
[2025-10-12 19:08:05] [INFO] Aucun processus zombie détecté.
[2025-10-12 19:08:05] [INFO] Nettoyage en cours...
[2025-10-12 19:08:23] [INFO] Début monitoring SysMonitor Pro
[2025-10-12 19:08:23] [INFO] === Monitoring Système ===
[2025-10-12 19:08:23] [WARNING] CPU usage élevé: 96% (seuil: 80%)
[2025-10-12 19:08:23] [INFO] Utilisation RAM normale: 14%
[2025-10-12 19:08:23] [INFO] Espace disque ok (/dev/sda1 /): 16%
[2025-10-12 19:08:23] [INFO] Load average normal: 1min=0.00
[2025-10-12 19:08:23] [INFO] Nombre total de processus: 105
[2025-10-12 19:08:23] [INFO] === Gestion des processus ===
[2025-10-12 19:08:23] [INFO] Liste des 10 processus les plus consommateurs (CPU)
    PID USER     %CPU %MEM STAT COMMAND
    686 root      0.1  1.1 Ssl  containerd
   1794 root      0.1  1.1 Ssl  containerd
      1 root      0.0  0.3 Ss   systemd
      2 root      0.0  0.0 S    kthreadd
      3 root      0.0  0.0 I<   rcu_gp
      4 root      0.0  0.0 I<   rcu_par_gp
      5 root      0.0  0.0 I<   slub_flushwq
      6 root      0.0  0.0 I<   netns
      8 root      0.0  0.0 I<   kworker/0:0H-events_highpri
     10 root      0.0  0.0 I<   mm_percpu_wq
[2025-10-12 19:08:23] [INFO] Aucun processus zombie détecté.
[2025-10-12 19:08:23] [INFO] Nettoyage en cours...
[2025-10-12 19:18:14] [INFO] Début monitoring SysMonitor Pro
[2025-10-12 19:18:14] [INFO] === Monitoring Système ===
[2025-10-12 19:18:14] [WARNING] CPU usage élevé: 96% (seuil: 80%)
[2025-10-12 19:18:14] [INFO] Utilisation RAM normale: 14%
[2025-10-12 19:18:14] [INFO] Espace disque ok (/dev/sda1 /): 16%
[2025-10-12 19:18:14] [INFO] Load average normal: 1min=0.00
[2025-10-12 19:18:14] [INFO] Nombre total de processus: 106
[2025-10-12 19:18:14] [INFO] === Gestion des processus ===
[2025-10-12 19:18:14] [INFO] Liste des 10 processus les plus consommateurs (CPU)
    PID USER     %CPU %MEM STAT COMMAND
     23 root      0.1  0.0 I    kworker/1:0-events
    686 root      0.1  1.1 Ssl  containerd
      1 root      0.0  0.3 Ss   systemd
      2 root      0.0  0.0 S    kthreadd
      3 root      0.0  0.0 I<   rcu_gp
      4 root      0.0  0.0 I<   rcu_par_gp
      5 root      0.0  0.0 I<   slub_flushwq
      6 root      0.0  0.0 I<   netns
      8 root      0.0  0.0 I<   kworker/0:0H-events_highpri
     10 root      0.0  0.0 I<   mm_percpu_wq
[2025-10-12 19:18:14] [INFO] Aucun processus zombie détecté.
[2025-10-12 19:18:14] [ERROR] Aucun processus spécifié pour la surveillance.
[2025-10-12 19:18:14] [INFO] Nettoyage en cours...
[2025-10-12 19:18:28] [INFO] Début monitoring SysMonitor Pro
[2025-10-12 19:18:28] [INFO] === Monitoring Système ===
[2025-10-12 19:18:28] [INFO] Nettoyage en cours...
[2025-10-12 19:18:40] [INFO] Début monitoring SysMonitor Pro
[2025-10-12 19:18:40] [INFO] === Monitoring Système ===
[2025-10-12 19:18:40] [INFO] Nettoyage en cours...
[2025-10-12 19:18:43] [INFO] Début monitoring SysMonitor Pro
[2025-10-12 19:18:43] [INFO] === Monitoring Système ===
[2025-10-12 19:18:43] [WARNING] CPU usage élevé: 96% (seuil: 80%)
[2025-10-12 19:18:43] [INFO] Utilisation RAM normale: 14%
[2025-10-12 19:18:43] [INFO] Espace disque ok (/dev/sda1 /): 16%
[2025-10-12 19:18:43] [INFO] Load average normal: 1min=0.00
[2025-10-12 19:18:43] [INFO] Nombre total de processus: 106
[2025-10-12 19:18:43] [INFO] === Gestion des processus ===
[2025-10-12 19:18:43] [INFO] Liste des 10 processus les plus consommateurs (CPU)
    PID USER     %CPU %MEM STAT COMMAND
     23 root      0.1  0.0 I    kworker/1:0-mpt_poll_0
    686 root      0.1  1.1 Ssl  containerd
      1 root      0.0  0.3 Ss   systemd
      2 root      0.0  0.0 S    kthreadd
      3 root      0.0  0.0 I<   rcu_gp
      4 root      0.0  0.0 I<   rcu_par_gp
      5 root      0.0  0.0 I<   slub_flushwq
      6 root      0.0  0.0 I<   netns
      8 root      0.0  0.0 I<   kworker/0:0H-events_highpri
     10 root      0.0  0.0 I<   mm_percpu_wq
[2025-10-12 19:18:43] [INFO] Aucun processus zombie détecté.
[2025-10-12 19:18:43] [ERROR] Aucun processus spécifié pour la surveillance.
[2025-10-12 19:18:43] [INFO] Nettoyage en cours...
[2025-10-12 19:55:24] [INFO] Début monitoring SysMonitor Pro
[2025-10-12 19:55:24] [INFO] === Monitoring Système ===
[2025-10-12 19:55:24] [INFO] Nettoyage en cours...
[2025-10-12 19:55:38] [INFO] Début monitoring SysMonitor Pro
[2025-10-12 19:55:38] [INFO] === Monitoring Système ===
[2025-10-12 19:55:38] [INFO] Nettoyage en cours...
[2025-10-12 19:55:42] [INFO] Début monitoring SysMonitor Pro
[2025-10-12 19:55:42] [INFO] === Monitoring Système ===
[2025-10-12 19:55:43] [INFO] Nettoyage en cours...
[2025-10-12 19:55:44] [INFO] Début monitoring SysMonitor Pro
[2025-10-12 19:55:44] [INFO] === Monitoring Système ===
[2025-10-12 19:55:44] [INFO] Nettoyage en cours...
[2025-10-12 19:55:48] [INFO] Début monitoring SysMonitor Pro
[2025-10-12 19:55:48] [INFO] === Monitoring Système ===
[2025-10-12 19:55:48] [INFO] Nettoyage en cours...
[2025-10-12 19:55:50] [INFO] Début monitoring SysMonitor Pro
[2025-10-12 19:55:50] [INFO] === Monitoring Système ===
[2025-10-12 19:55:50] [INFO] Nettoyage en cours...
[2025-10-12 19:55:55] [INFO] Début monitoring SysMonitor Pro
[2025-10-12 19:55:55] [INFO] === Monitoring Système ===
[2025-10-12 19:55:55] [WARNING] CPU usage élevé: 96% (seuil: 80%)
[2025-10-12 19:55:55] [INFO] Utilisation RAM normale: 14%
[2025-10-12 19:55:55] [INFO] Espace disque ok (/dev/sda1 /): 16%
[2025-10-12 19:55:55] [INFO] Load average normal: 1min=0.00
[2025-10-12 19:55:55] [INFO] Nombre total de processus: 105
[2025-10-12 19:55:55] [INFO] === Gestion des processus ===
[2025-10-12 19:55:55] [INFO] Liste des 10 processus les plus consommateurs (CPU)
    PID USER     %CPU %MEM STAT COMMAND
  11719 vagrant   1.0  0.1 S+   main.sh
     23 root      0.1  0.0 I    kworker/1:0-mm_percpu_wq
    686 root      0.1  1.1 Ssl  containerd
      1 root      0.0  0.3 Ss   systemd
      2 root      0.0  0.0 S    kthreadd
      3 root      0.0  0.0 I<   rcu_gp
      4 root      0.0  0.0 I<   rcu_par_gp
      5 root      0.0  0.0 I<   slub_flushwq
      6 root      0.0  0.0 I<   netns
      8 root      0.0  0.0 I<   kworker/0:0H-events_highpri
[2025-10-12 19:55:56] [INFO] Aucun processus zombie détecté.
[2025-10-12 19:55:56] [ERROR] Aucun processus spécifié pour la surveillance.
[2025-10-12 19:55:56] [INFO] Nettoyage en cours...
[2025-10-12 19:57:26] [INFO] Début monitoring SysMonitor Pro
[2025-10-12 19:57:26] [INFO] === Monitoring Système ===
[2025-10-12 19:57:27] [INFO] Nettoyage en cours...
[2025-10-12 19:57:38] [INFO] Début monitoring SysMonitor Pro
[2025-10-12 19:57:38] [INFO] === Monitoring Système ===
[2025-10-12 19:57:38] [WARNING] CPU usage élevé: 96% (seuil: 80%)
[2025-10-12 19:57:38] [INFO] Utilisation RAM normale: 14%
[2025-10-12 19:57:38] [INFO] Espace disque ok (/dev/sda1 /): 16%
[2025-10-12 19:57:38] [INFO] Load average normal: 1min=0.00
[2025-10-12 19:57:38] [INFO] Nombre total de processus: 106
[2025-10-12 19:57:38] [INFO] === Monitoring des services système ===
[2025-10-12 19:57:38] [INFO] === Surveillance Réseau ===
[2025-10-12 19:57:39] [INFO] Rapport généré: reports/system_report_20251012_195738.html
[2025-10-12 19:57:39] [SUCCESS] Monitoring terminé avec succès
[2025-10-12 19:57:39] [INFO] Nettoyage en cours...
